<?xml version="1.0" encoding="UTF-8"?>
<!-- Generated by org.testng.reporters.JUnitReportReporter -->
<testsuite hostname="DESKTOP-QMSQO3B" failures="0" tests="3" name="crm.LoginApplication" time="47.357" errors="0" timestamp="2020-05-05T19:57:01 IST" skipped="0">
  <testcase classname="crm.LoginApplication" name="test1" time="15.238"/>
  <system-out/>
  <testcase classname="crm.LoginApplication" name="test1" time="15.763"/>
  <system-out/>
  <testcase classname="crm.LoginApplication" name="test1" time="16.356"/>
  <system-out/>
</testsuite> <!-- crm.LoginApplication -->
